[1.193s] Invoking command in '/home/roar/ROAR_ROS/iac_dev_ws/src/lidar_camera_projection/build/lidar_camera_projection': PYTHONPATH=/home/roar/ROAR_ROS/iac_dev_ws/src/lidar_camera_projection/build/lidar_camera_projection/prefix_override:/home/roar/ROAR_ROS/iac_dev_ws/src/lidar_camera_projection/install/lidar_camera_projection/lib/python3.8/site-packages:${PYTHONPATH} /usr/bin/python3 setup.py develop --editable --build-directory /home/roar/ROAR_ROS/iac_dev_ws/src/lidar_camera_projection/build/lidar_camera_projection/build --no-deps install_data
[1.600s] running develop
[1.600s] /home/roar/.local/lib/python3.8/site-packages/setuptools/command/easy_install.py:144: EasyInstallDeprecationWarning: easy_install command is deprecated. Use build and pip and other standards-based tools.
[1.600s]   warnings.warn(
[1.641s] /home/roar/.local/lib/python3.8/site-packages/setuptools/command/install.py:34: SetuptoolsDeprecationWarning: setup.py install is deprecated. Use build and pip and other standards-based tools.
[1.641s]   warnings.warn(
[1.765s] /home/roar/.local/lib/python3.8/site-packages/pkg_resources/__init__.py:123: PkgResourcesDeprecationWarning: 0.1.36ubuntu1 is an invalid version and will not be supported in a future release
[1.765s]   warnings.warn(
[1.765s] /home/roar/.local/lib/python3.8/site-packages/pkg_resources/__init__.py:123: PkgResourcesDeprecationWarning: 0.23ubuntu1 is an invalid version and will not be supported in a future release
[1.765s]   warnings.warn(
[1.881s] running egg_info
[1.882s] creating lidar_camera_projection.egg-info
[1.902s] writing lidar_camera_projection.egg-info/PKG-INFO
[1.902s] writing dependency_links to lidar_camera_projection.egg-info/dependency_links.txt
[1.902s] writing entry points to lidar_camera_projection.egg-info/entry_points.txt
[1.902s] writing requirements to lidar_camera_projection.egg-info/requires.txt
[1.902s] writing top-level names to lidar_camera_projection.egg-info/top_level.txt
[1.903s] writing manifest file 'lidar_camera_projection.egg-info/SOURCES.txt'
[1.942s] reading manifest file 'lidar_camera_projection.egg-info/SOURCES.txt'
[1.942s] writing manifest file 'lidar_camera_projection.egg-info/SOURCES.txt'
[1.993s] running build_ext
[1.993s] Creating /home/roar/ROAR_ROS/iac_dev_ws/src/lidar_camera_projection/install/lidar_camera_projection/lib/python3.8/site-packages/lidar-camera-projection.egg-link (link to .)
[1.994s] Installing lidar_cam_node script to /home/roar/ROAR_ROS/iac_dev_ws/src/lidar_camera_projection/install/lidar_camera_projection/lib/lidar_camera_projection
[1.994s] 
[1.994s] Installed /home/roar/ROAR_ROS/iac_dev_ws/src/lidar_camera_projection/build/lidar_camera_projection
[1.994s] running install_data
[1.994s] creating /home/roar/ROAR_ROS/iac_dev_ws/src/lidar_camera_projection/install/lidar_camera_projection/share/ament_index
[1.994s] creating /home/roar/ROAR_ROS/iac_dev_ws/src/lidar_camera_projection/install/lidar_camera_projection/share/ament_index/resource_index
[1.994s] creating /home/roar/ROAR_ROS/iac_dev_ws/src/lidar_camera_projection/install/lidar_camera_projection/share/ament_index/resource_index/packages
[1.994s] copying resource/lidar_camera_projection -> /home/roar/ROAR_ROS/iac_dev_ws/src/lidar_camera_projection/install/lidar_camera_projection/share/ament_index/resource_index/packages
[1.994s] copying package.xml -> /home/roar/ROAR_ROS/iac_dev_ws/src/lidar_camera_projection/install/lidar_camera_projection/share/lidar_camera_projection
[2.036s] Invoked command in '/home/roar/ROAR_ROS/iac_dev_ws/src/lidar_camera_projection/build/lidar_camera_projection' returned '0': PYTHONPATH=/home/roar/ROAR_ROS/iac_dev_ws/src/lidar_camera_projection/build/lidar_camera_projection/prefix_override:/home/roar/ROAR_ROS/iac_dev_ws/src/lidar_camera_projection/install/lidar_camera_projection/lib/python3.8/site-packages:${PYTHONPATH} /usr/bin/python3 setup.py develop --editable --build-directory /home/roar/ROAR_ROS/iac_dev_ws/src/lidar_camera_projection/build/lidar_camera_projection/build --no-deps install_data
